TN:
SF:/home/kali/dragonfly_fuzzing_kali/dragonfly_parser_fuzzer.cpp
FNL:0,10,63
FNA:0,380,_ZN21DragonflyParserFuzzer19TestParserInterfaceERKSt6vectorIcSaIcEE
FNL:1,112,165
FNA:1,24425,_ZN21DragonflyParserFuzzer15ParseBulkStringERKSt6vectorIcSaIcEERmRi
FNL:2,167,187
FNA:2,6256,_ZN21DragonflyParserFuzzer17ParseSimpleStringERKSt6vectorIcSaIcEERmRi
FNL:3,189,199
FNA:3,176,_ZN21DragonflyParserFuzzer10ParseErrorERKSt6vectorIcSaIcEERmRi
FNL:4,201,211
FNA:4,782,_ZN21DragonflyParserFuzzer12ParseIntegerERKSt6vectorIcSaIcEERmRi
FNL:5,213,227
FNA:5,14331,_ZN21DragonflyParserFuzzer15ValidateCommandERKNSt7__cxx1112basic_stringIcSt11char_traitsIcESaIcEEE
FNL:6,230,254
FNA:6,380,main
FNL:7,66,110
FNA:7,2012,_ZN21DragonflyParserFuzzer10ParseArrayERKSt6vectorIcSaIcEERmRi
FNF:8
FNH:8
DA:10,380
DA:11,380
DA:12,0
DA:15,380
DA:16,380
DA:17,380
DA:20,380
DA:22,5466
DA:23,5086
DA:25,5086
DA:26,5086
DA:28,5086
DA:29,2012
DA:30,2012
DA:31,2012
DA:32,1687
DA:33,1687
DA:34,1687
DA:35,300
DA:36,300
DA:37,300
DA:38,176
DA:39,176
DA:40,176
DA:41,782
DA:42,782
DA:43,782
DA:44,129
DA:45,129
DA:46,129
DA:47,129
DA:51,5086
DA:54,0
DA:55,0
DA:56,0
DA:57,0
DA:58,0
DA:61,380
DA:62,380
DA:66,2012
DA:67,2012
DA:68,2012
DA:71,38989
DA:72,36977
DA:73,36977
DA:76,2012
DA:77,1979
DA:78,1979
DA:79,1617
DA:82,1617
DA:83,388
DA:86,529168
DA:87,528780
DA:89,528780
DA:90,528780
DA:92,528780
DA:93,22738
DA:94,22738
DA:95,22738
DA:96,5956
DA:97,5956
DA:98,5956
DA:99,500086
DA:100,500086
DA:101,500086
DA:104,388
DA:106,1229
DA:107,1229
DA:108,1229
DA:109,1229
DA:110,2012
DA:112,24425
DA:113,24425
DA:114,24425
DA:117,597153
DA:118,572728
DA:119,572728
DA:122,24425
DA:123,24328
DA:124,24328
DA:125,21563
DA:128,21563
DA:129,12047
DA:131,12047
DA:132,1134
DA:135,10913
DA:136,362
DA:137,362
DA:141,10551
DA:142,307697
DA:143,297146
DA:147,10551
DA:148,76
DA:149,76
DA:153,10551
DA:154,9278
DA:155,9278
DA:157,1273
DA:159,1273
DA:161,20067
DA:162,9516
DA:163,9516
DA:164,9516
DA:165,24425
DA:167,6256
DA:168,6256
DA:169,6256
DA:171,66373
DA:172,60117
DA:173,60117
DA:176,6256
DA:177,6196
DA:178,6196
DA:179,3780
DA:181,3780
DA:182,0
DA:183,0
DA:186,3780
DA:187,6256
DA:189,176
DA:190,1707
DA:191,1531
DA:192,1531
DA:195,176
DA:196,176
DA:198,176
DA:199,176
DA:201,782
DA:202,57573
DA:203,56791
DA:204,56791
DA:207,782
DA:208,782
DA:210,782
DA:211,782
DA:213,14331
DA:219,14719
DA:221,313686
DA:222,299431
DA:223,76
DA:226,14255
DA:230,380
DA:233,380
DA:237,380
DA:239,380
DA:240,380
DA:241,1170
DA:242,790
DA:243,790
DA:244,380
DA:248,0
DA:249,0
DA:253,380
DA:254,380
LF:154
LH:144
end_of_record
TN:
SF:/usr/include/c++/14/bits/alloc_traits.h
FNF:0
FNH:0
DA:515,735
DA:550,735
DA:613,1276
DA:993,1115
DA:994,1115
LF:5
LH:5
end_of_record
TN:
SF:/usr/include/c++/14/bits/allocator.h
FNF:0
FNH:0
DA:161,4648
DA:166,388
DA:182,4462
LF:3
LH:3
end_of_record
TN:
SF:/usr/include/c++/14/bits/basic_string.h
FNL:0,3755,3761
FNA:0,299431,_ZSteqIcSt11char_traitsIcESaIcEEbRKNSt7__cxx1112basic_stringIT_T0_T1_EESA_
FNL:1,4164,4166
FNA:1,23180,_ZNSt7__cxx114stoiERKNS_12basic_stringIcSt11char_traitsIcESaIcEEEPmi
FNL:2,646,655
FNA:2,4074,_ZNSt7__cxx1112basic_stringIcSt11char_traitsIcESaIcEEC2IS3_EEPKcRKS3_
FNF:3
FNH:3
DA:360,4074
DA:646,4074
DA:647,4074
DA:650,4074
DA:651,0
DA:653,4074
DA:654,4074
DA:655,4074
DA:3755,299431
DA:3759,299431
DA:3760,299431
DA:4164,23180
DA:4165,23180
DA:4166,12435
LF:14
LH:13
end_of_record
TN:
SF:/usr/include/c++/14/bits/basic_string.tcc
FNL:0,221,252
FNA:0,4074,_ZNSt7__cxx1112basic_stringIcSt11char_traitsIcESaIcEE12_M_constructIPKcEEvT_S8_St20forward_iterator_tag
FNL:1,239,239
FNA:1,4074,_ZZNSt7__cxx1112basic_stringIcSt11char_traitsIcESaIcEE12_M_constructIPKcEEvT_S8_St20forward_iterator_tagEN6_GuardC2EPS4_
FNL:2,242,242
FNA:2,4074,_ZZNSt7__cxx1112basic_stringIcSt11char_traitsIcESaIcEE12_M_constructIPKcEEvT_S8_St20forward_iterator_tagEN6_GuardD2Ev
FNF:3
FNH:3
DA:221,4074
DA:225,4074
DA:227,4074
DA:229,0
DA:230,0
DA:239,4074
DA:242,4074
DA:245,4074
DA:247,4074
DA:249,4074
DA:251,4074
DA:252,4074
LF:12
LH:10
end_of_record
TN:
SF:/usr/include/c++/14/bits/char_traits.h
FNL:0,136,137
FNA:0,0,_ZN9__gnu_cxx11char_traitsIcE2eqERKcS3_
FNL:1,199,206
FNA:1,0,_ZN9__gnu_cxx11char_traitsIcE6lengthEPKc
FNL:2,358,363
FNA:2,0,_ZNSt11char_traitsIcE2ltERKcS2_
FNL:3,366,382
FNA:3,58185,_ZNSt11char_traitsIcE7compareEPKcS2_m
FNL:4,385,392
FNA:4,4074,_ZNSt11char_traitsIcE6lengthEPKc
FNF:5
FNH:2
DA:136,0
DA:137,0
DA:199,0
DA:202,0
DA:203,0
DA:204,0
DA:205,0
DA:358,0
DA:361,0
DA:362,0
DA:366,58185
DA:368,58185
DA:369,0
DA:371,58185
DA:373,0
DA:374,0
DA:375,0
DA:376,0
DA:377,0
DA:378,0
DA:381,58185
DA:385,4074
DA:388,4074
DA:389,0
DA:391,4074
LF:25
LH:7
end_of_record
TN:
SF:/usr/include/c++/14/bits/cpp_type_traits.h
FNL:0,608,609
FNA:0,4740,_ZSt12__miter_baseIPcET_S1_
FNF:1
FNH:1
DA:608,4740
DA:609,4740
LF:2
LH:2
end_of_record
TN:
SF:/usr/include/c++/14/bits/move.h
FNL:0,137,138
FNA:0,194,_ZSt4moveIRPKPKcEONSt16remove_referenceIT_E4typeEOS6_
FNA:0,3160,_ZSt4moveIRPcEONSt16remove_referenceIT_E4typeEOS3_
FNA:0,0,_ZSt4moveIRSaIcEEONSt16remove_referenceIT_E4typeEOS3_
FNA:0,0,_ZSt4moveIRcEONSt16remove_referenceIT_E4typeEOS2_
FNL:1,51,52
FNA:1,8148,_ZSt11__addressofINSt7__cxx1112basic_stringIcSt11char_traitsIcESaIcEEEEPT_RS6_
FNL:2,71,72
FNA:2,4074,_ZSt7forwardIRKPKcEOT_RNSt16remove_referenceIS4_E4typeE
FNF:3
FNH:3
DA:51,8148
DA:52,8148
DA:71,4074
DA:72,4074
DA:137,3354
DA:138,3354
LF:6
LH:6
end_of_record
TN:
SF:/usr/include/c++/14/bits/new_allocator.h
FNL:0,104,104
FNA:0,582,_ZNSt15__new_allocatorINSt7__cxx1112basic_stringIcSt11char_traitsIcESaIcEEEED2Ev
FNA:0,4454,_ZNSt15__new_allocatorIcED2Ev
FNL:1,126,152
FNA:1,194,_ZNSt15__new_allocatorINSt7__cxx1112basic_stringIcSt11char_traitsIcESaIcEEEE8allocateEmPKv
FNA:1,541,_ZNSt15__new_allocatorIcE8allocateEmPKv
FNL:2,156,173
FNA:2,194,_ZNSt15__new_allocatorINSt7__cxx1112basic_stringIcSt11char_traitsIcESaIcEEEE10deallocateEPS5_m
FNA:2,541,_ZNSt15__new_allocatorIcE10deallocateEPcm
FNF:3
FNH:3
DA:88,4648
DA:92,388
DA:104,5036
DA:126,735
DA:134,735
DA:138,0
DA:139,0
DA:140,0
DA:151,735
DA:156,735
DA:172,735
DA:183,1276
DA:233,2011
LF:13
LH:10
end_of_record
TN:
SF:/usr/include/c++/14/bits/stl_algobase.h
FNL:0,233,241
FNA:0,1276,_ZSt3minImERKT_S2_S2_
FNL:1,257,265
FNA:1,541,_ZSt3maxImERKT_S2_S2_
FNL:2,316,318
FNA:2,7110,_ZSt12__niter_baseIPcET_S1_
FNL:3,346,347
FNA:3,249,_ZSt12__niter_wrapIN9__gnu_cxx17__normal_iteratorIPcSt6vectorIcSaIcEEEES2_ET_S7_T0_
FNL:4,353,354
FNA:4,2121,_ZSt12__niter_wrapIPcET_RKS1_S1_
FNL:5,412,413
FNA:5,7,_ZNSt11__copy_moveILb0ELb0ESt26random_access_iterator_tagE12__assign_oneIccEEvPT_PT0_
FNL:6,437,438
FNA:6,0,_ZNSt11__copy_moveILb1ELb0ESt26random_access_iterator_tagE12__assign_oneIccEEvPT_PT0_
FNL:7,448,457
FNA:7,1039,_ZNSt11__copy_moveILb0ELb1ESt26random_access_iterator_tagE8__copy_mIccEEPT0_PT_S6_S4_
FNA:7,1331,_ZNSt11__copy_moveILb1ELb1ESt26random_access_iterator_tagE8__copy_mIccEEPT0_PT_S6_S4_
FNL:8,512,522
FNA:8,1039,_ZSt14__copy_move_a2ILb0EPcS0_ET1_T0_S2_S1_
FNA:8,1331,_ZSt14__copy_move_a2ILb1EPcS0_ET1_T0_S2_S1_
FNL:9,547,548
FNA:9,1039,_ZSt14__copy_move_a1ILb0EPcS0_ET1_T0_S2_S1_
FNA:9,1331,_ZSt14__copy_move_a1ILb1EPcS0_ET1_T0_S2_S1_
FNL:10,553,559
FNA:10,249,_ZSt13__copy_move_aILb0EPcN9__gnu_cxx17__normal_iteratorIS0_St6vectorIcSaIcEEEEET1_T0_S8_S7_
FNA:10,790,_ZSt13__copy_move_aILb0EPcS0_ET1_T0_S2_S1_
FNA:10,1331,_ZSt13__copy_move_aILb1EPcS0_ET1_T0_S2_S1_
FNL:11,642,652
FNA:11,249,_ZSt4copyIPcN9__gnu_cxx17__normal_iteratorIS0_St6vectorIcSaIcEEEEET0_T_S8_S7_
FNA:11,790,_ZSt4copyIPcS0_ET0_T_S2_S1_
FNA:11,1331,_ZSt4copyISt13move_iteratorIPcES1_ET0_T_S4_S3_
FNL:12,762,771
FNA:12,0,_ZNSt20__copy_move_backwardILb1ELb1ESt26random_access_iterator_tagE13__copy_move_bIccEEPT0_PT_S6_S4_
FNL:13,777,790
FNA:13,0,_ZSt23__copy_move_backward_a2ILb1EPcS0_ET1_T0_S2_S1_
FNL:14,795,796
FNA:14,0,_ZSt23__copy_move_backward_a1ILb1EPcS0_ET1_T0_S2_S1_
FNL:15,823,829
FNA:15,0,_ZSt22__copy_move_backward_aILb1EPcS0_ET1_T0_S2_S1_
FNL:16,913,925
FNA:16,0,_ZSt13move_backwardIPcS0_ET0_T_S2_S1_
FNF:17
FNH:11
DA:233,1276
DA:238,1276
DA:239,0
DA:240,1276
DA:257,541
DA:262,541
DA:263,380
DA:264,161
DA:316,7110
DA:318,7110
DA:346,249
DA:347,249
DA:353,2121
DA:354,2121
DA:412,7
DA:413,7
DA:437,0
DA:438,0
DA:448,2370
DA:450,2370
DA:451,2370
DA:452,944
DA:453,1426
DA:455,7
DA:456,2370
DA:512,2370
DA:521,2370
DA:547,2370
DA:548,2370
DA:553,2370
DA:555,2370
DA:558,2370
DA:642,2370
DA:651,2370
DA:762,0
DA:764,0
DA:765,0
DA:766,0
DA:767,0
DA:769,0
DA:770,0
DA:777,0
DA:787,0
DA:789,0
DA:795,0
DA:796,0
DA:823,0
DA:825,0
DA:828,0
DA:913,0
DA:922,0
DA:924,0
LF:52
LH:31
end_of_record
TN:
SF:/usr/include/c++/14/bits/stl_construct.h
FNL:0,109,120
FNA:0,4074,_ZSt10_ConstructINSt7__cxx1112basic_stringIcSt11char_traitsIcESaIcEEEJRKPKcEEvPT_DpOT0_
FNL:1,146,153
FNA:1,4074,_ZSt8_DestroyINSt7__cxx1112basic_stringIcSt11char_traitsIcESaIcEEEEvPT_
FNL:2,160,164
FNA:2,194,_ZNSt12_Destroy_auxILb0EE9__destroyIPNSt7__cxx1112basic_stringIcSt11char_traitsIcESaIcEEEEEvT_S9_
FNL:3,172,172
FNA:3,921,_ZNSt12_Destroy_auxILb1EE9__destroyIPcEEvT_S3_
FNL:4,182,197
FNA:4,194,_ZSt8_DestroyIPNSt7__cxx1112basic_stringIcSt11char_traitsIcESaIcEEEEvT_S7_
FNA:4,921,_ZSt8_DestroyIPcEvT_S1_
FNF:5
FNH:5
DA:109,4074
DA:119,8148
DA:120,4074
DA:146,4074
DA:151,4074
DA:153,4074
DA:160,194
DA:162,4268
DA:163,4074
DA:164,194
DA:172,921
DA:182,1115
DA:196,1115
DA:197,1115
LF:14
LH:14
end_of_record
TN:
SF:/usr/include/c++/14/bits/stl_iterator.h
FNL:0,1067,1068
FNA:0,28662,_ZN9__gnu_cxx17__normal_iteratorIPKNSt7__cxx1112basic_stringIcSt11char_traitsIcESaIcEEESt6vectorIS6_SaIS6_EEEC2ERKS8_
FNA:0,1550,_ZN9__gnu_cxx17__normal_iteratorIPKcSt6vectorIcSaIcEEEC2ERKS2_
FNA:0,4448,_ZN9__gnu_cxx17__normal_iteratorIPcSt6vectorIcSaIcEEEC2ERKS1_
FNL:1,1074,1085
FNA:1,790,_ZN9__gnu_cxx17__normal_iteratorIPKcSt6vectorIcSaIcEEEC2IPcvEERKNS0_IT_S5_EE
FNL:2,1090,1091
FNA:2,299431,_ZNK9__gnu_cxx17__normal_iteratorIPKNSt7__cxx1112basic_stringIcSt11char_traitsIcESaIcEEESt6vectorIS6_SaIS6_EEEdeEv
FNL:3,1100,1104
FNA:3,299355,_ZN9__gnu_cxx17__normal_iteratorIPKNSt7__cxx1112basic_stringIcSt11char_traitsIcESaIcEEESt6vectorIS6_SaIS6_EEEppEv
FNL:4,1138,1139
FNA:4,1829,_ZNK9__gnu_cxx17__normal_iteratorIPcSt6vectorIcSaIcEEEplEl
FNL:5,1153,1154
FNA:5,627372,_ZNK9__gnu_cxx17__normal_iteratorIPKNSt7__cxx1112basic_stringIcSt11char_traitsIcESaIcEEESt6vectorIS6_SaIS6_EEE4baseEv
FNA:5,2340,_ZNK9__gnu_cxx17__normal_iteratorIPKcSt6vectorIcSaIcEEE4baseEv
FNA:5,3117,_ZNK9__gnu_cxx17__normal_iteratorIPcSt6vectorIcSaIcEEE4baseEv
FNL:6,1216,1219
FNA:6,380,_ZN9__gnu_cxxeqIPKcSt6vectorIcSaIcEEEEbRKNS_17__normal_iteratorIT_T0_EESB_
FNL:7,1232,1235
FNA:7,313686,_ZN9__gnu_cxxneIPKNSt7__cxx1112basic_stringIcSt11char_traitsIcESaIcEEESt6vectorIS6_SaIS6_EEEEbRKNS_17__normal_iteratorIT_T0_EESH_
FNL:8,1325,1328
FNA:8,790,_ZN9__gnu_cxxmiIPKcSt6vectorIcSaIcEEEENS_17__normal_iteratorIT_T0_E15difference_typeERKS9_SC_
FNA:8,249,_ZN9__gnu_cxxmiIPcSt6vectorIcSaIcEEEENS_17__normal_iteratorIT_T0_E15difference_typeERKS8_SB_
FNL:9,1348,1350
FNA:9,498,_ZSt12__niter_baseIPcSt6vectorIcSaIcEEET_N9__gnu_cxx17__normal_iteratorIS4_T0_EE
FNL:10,1508,1509
FNA:10,2662,_ZNSt13move_iteratorIPcEC2ES0_
FNL:11,1534,1535
FNA:11,2662,_ZNKSt13move_iteratorIPcE4baseEv
FNL:12,1808,1809
FNA:12,498,_ZSt18make_move_iteratorIPcESt13move_iteratorIT_ES2_
FNL:13,1825,1826
FNA:13,2164,_ZSt32__make_move_if_noexcept_iteratorIcSt13move_iteratorIPcEET0_PT_
FNL:14,2981,2983
FNA:14,2662,_ZSt12__miter_baseIPcEDTcl12__miter_basecldtfp_4baseEEESt13move_iteratorIT_E
FNF:15
FNH:15
DA:1067,34660
DA:1068,34660
DA:1074,790
DA:1085,790
DA:1090,299431
DA:1091,299431
DA:1100,299355
DA:1102,299355
DA:1103,299355
DA:1138,1829
DA:1139,1829
DA:1153,632829
DA:1154,632829
DA:1216,380
DA:1219,380
DA:1232,313686
DA:1235,313686
DA:1325,1039
DA:1328,1039
DA:1348,498
DA:1350,498
DA:1508,2662
DA:1509,2662
DA:1534,2662
DA:1535,2662
DA:1808,498
DA:1809,498
DA:1825,2164
DA:1826,2164
DA:2981,2662
DA:2983,2662
LF:31
LH:31
end_of_record
TN:
SF:/usr/include/c++/14/bits/stl_iterator_base_funcs.h
FNL:0,184,196
FNA:0,249,_ZSt9__advanceIPclEvRT_T0_St26random_access_iterator_tag
FNF:1
FNH:1
DA:106,5058
DA:151,10116
DA:152,10116
DA:184,249
DA:195,249
DA:196,249
DA:223,249
DA:224,249
DA:225,249
LF:9
LH:9
end_of_record
TN:
SF:/usr/include/c++/14/bits/stl_iterator_base_types.h
FNF:0
FNH:0
DA:240,6291
LF:1
LH:1
end_of_record
TN:
SF:/usr/include/c++/14/bits/stl_uninitialized.h
FNL:0,113,128
FNA:0,194,_ZSt16__do_uninit_copyIPKPKcPNSt7__cxx1112basic_stringIcSt11char_traitsIcESaIcEEEET0_T_SC_SB_
FNL:1,135,137
FNA:1,194,_ZNSt20__uninitialized_copyILb0EE13__uninit_copyIPKPKcPNSt7__cxx1112basic_stringIcSt11char_traitsIcESaIcEEEEET0_T_SE_SD_
FNL:2,145,147
FNA:2,790,_ZNSt20__uninitialized_copyILb1EE13__uninit_copyIPcS2_EET0_T_S4_S3_
FNA:2,1331,_ZNSt20__uninitialized_copyILb1EE13__uninit_copyISt13move_iteratorIPcES3_EET0_T_S6_S5_
FNL:3,163,186
FNA:3,194,_ZSt18uninitialized_copyIPKPKcPNSt7__cxx1112basic_stringIcSt11char_traitsIcESaIcEEEET0_T_SC_SB_
FNA:3,790,_ZSt18uninitialized_copyIPcS0_ET0_T_S2_S1_
FNA:3,1331,_ZSt18uninitialized_copyISt13move_iteratorIPcES1_ET0_T_S4_S3_
FNL:4,366,374
FNA:4,194,_ZSt22__uninitialized_copy_aIPKPKcPNSt7__cxx1112basic_stringIcSt11char_traitsIcESaIcEEES9_ET0_T_SC_SB_RSaIT1_E
FNA:4,790,_ZSt22__uninitialized_copy_aIPcS0_cET0_T_S2_S1_RSaIT1_E
FNA:4,1331,_ZSt22__uninitialized_copy_aISt13move_iteratorIPcES1_cET0_T_S4_S3_RSaIT1_E
FNL:5,381,387
FNA:5,249,_ZSt22__uninitialized_move_aIPcS0_SaIcEET0_T_S3_S2_RT1_
FNL:6,393,401
FNA:6,1082,_ZSt34__uninitialized_move_if_noexcept_aIPcS0_SaIcEET0_T_S3_S2_RT1_
FNF:7
FNH:7
DA:113,194
DA:116,194
DA:119,4268
DA:120,4074
DA:121,194
DA:123,0
DA:125,0
DA:126,0
DA:135,194
DA:137,194
DA:145,2121
DA:147,2121
DA:163,2315
DA:174,2315
DA:181,2315
DA:185,2315
DA:366,2315
DA:373,2315
DA:381,249
DA:384,249
DA:386,249
DA:393,1082
DA:399,1082
DA:400,1082
LF:24
LH:21
end_of_record
TN:
SF:/usr/include/c++/14/bits/stl_vector.h
FNL:0,1005,1006
FNA:0,2223430,_ZNKSt6vectorIcSaIcEE4sizeEv
FNL:1,101,103
FNA:1,194,_ZNSt12_Vector_baseINSt7__cxx1112basic_stringIcSt11char_traitsIcESaIcEEESaIS5_EE17_Vector_impl_dataC2Ev
FNA:1,380,_ZNSt12_Vector_baseIcSaIcEE17_Vector_impl_dataC2Ev
FNL:2,1011,1012
FNA:2,1082,_ZNKSt6vectorIcSaIcEE8max_sizeEv
FNL:3,1103,1104
FNA:3,380,_ZNKSt6vectorIcSaIcEE5emptyEv
FNL:4,1160,1164
FNA:4,2341203,_ZNKSt6vectorIcSaIcEEixEm
FNL:5,139,145
FNA:5,380,_ZNSt12_Vector_baseIcSaIcEE12_Vector_implC2Ev
FNL:6,148,150
FNA:6,194,_ZNSt12_Vector_baseINSt7__cxx1112basic_stringIcSt11char_traitsIcESaIcEEESaIS5_EE12_Vector_implC2ERKS6_
FNL:7,1497,1504
FNA:7,790,_ZNSt6vectorIcSaIcEE6insertIPcvEEN9__gnu_cxx17__normal_iteratorIS3_S1_EENS5_IPKcS1_EET_SA_
FNL:8,1702,1707
FNA:8,194,_ZNSt6vectorINSt7__cxx1112basic_stringIcSt11char_traitsIcESaIcEEESaIS5_EE19_M_range_initializeIPKPKcEEvT_SD_St20forward_iterator_tag
FNL:9,1712,1721
FNA:9,194,_ZNSt6vectorINSt7__cxx1112basic_stringIcSt11char_traitsIcESaIcEEESaIS5_EE21_M_range_initialize_nIPKPKcEEvT_SD_m
FNL:10,1927,1934
FNA:10,541,_ZNKSt6vectorIcSaIcEE12_M_check_lenEmPKc
FNL:11,1938,1944
FNA:11,194,_ZNSt6vectorINSt7__cxx1112basic_stringIcSt11char_traitsIcESaIcEEESaIS5_EE17_S_check_init_lenEmRKS6_
FNL:12,1947,1956
FNA:12,194,_ZNSt6vectorINSt7__cxx1112basic_stringIcSt11char_traitsIcESaIcEEESaIS5_EE11_S_max_sizeERKS6_
FNA:12,1082,_ZNSt6vectorIcSaIcEE11_S_max_sizeERKS0_
FNL:13,303,304
FNA:13,582,_ZNSt12_Vector_baseINSt7__cxx1112basic_stringIcSt11char_traitsIcESaIcEEESaIS5_EE19_M_get_Tp_allocatorEv
FNA:13,3042,_ZNSt12_Vector_baseIcSaIcEE19_M_get_Tp_allocatorEv
FNL:14,308,309
FNA:14,1082,_ZNKSt12_Vector_baseIcSaIcEE19_M_get_Tp_allocatorEv
FNL:15,317,317
FNA:15,380,_ZNSt12_Vector_baseIcSaIcEEC2Ev
FNL:16,323,324
FNA:16,194,_ZNSt12_Vector_baseINSt7__cxx1112basic_stringIcSt11char_traitsIcESaIcEEESaIS5_EEC2ERKS6_
FNL:17,369,373
FNA:17,194,_ZNSt12_Vector_baseINSt7__cxx1112basic_stringIcSt11char_traitsIcESaIcEEESaIS5_EED2Ev
FNA:17,380,_ZNSt12_Vector_baseIcSaIcEED2Ev
FNL:18,380,384
FNA:18,194,_ZNSt12_Vector_baseINSt7__cxx1112basic_stringIcSt11char_traitsIcESaIcEEESaIS5_EE11_M_allocateEm
FNA:18,541,_ZNSt12_Vector_baseIcSaIcEE11_M_allocateEm
FNL:19,388,393
FNA:19,194,_ZNSt12_Vector_baseINSt7__cxx1112basic_stringIcSt11char_traitsIcESaIcEEESaIS5_EE13_M_deallocateEPS5_m
FNA:19,921,_ZNSt12_Vector_baseIcSaIcEE13_M_deallocateEPcm
FNL:20,534,534
FNA:20,380,_ZNSt6vectorIcSaIcEEC2Ev
FNL:21,709,726
FNA:21,194,_ZNSt6vectorINSt7__cxx1112basic_stringIcSt11char_traitsIcESaIcEEESaIS5_EEC2IPKPKcvEET_SD_RKS6_
FNL:22,746,751
FNA:22,194,_ZNSt6vectorINSt7__cxx1112basic_stringIcSt11char_traitsIcESaIcEEESaIS5_EED2Ev
FNA:22,380,_ZNSt6vectorIcSaIcEED2Ev
FNL:23,886,887
FNA:23,1580,_ZNSt6vectorIcSaIcEE5beginEv
FNL:24,896,897
FNA:24,14331,_ZNKSt6vectorINSt7__cxx1112basic_stringIcSt11char_traitsIcESaIcEEESaIS5_EE5beginEv
FNA:24,380,_ZNKSt6vectorIcSaIcEE5beginEv
FNL:25,906,907
FNA:25,1039,_ZNSt6vectorIcSaIcEE3endEv
FNL:26,916,917
FNA:26,14331,_ZNKSt6vectorINSt7__cxx1112basic_stringIcSt11char_traitsIcESaIcEEESaIS5_EE3endEv
FNA:26,380,_ZNKSt6vectorIcSaIcEE3endEv
FNL:27,967,968
FNA:27,790,_ZNKSt6vectorIcSaIcEE6cbeginEv
FNF:28
FNH:28
DA:101,574
DA:102,574
DA:103,574
DA:139,380
DA:144,380
DA:145,380
DA:148,194
DA:149,194
DA:150,194
DA:303,3624
DA:304,3624
DA:308,1082
DA:309,1082
DA:317,380
DA:323,194
DA:324,194
DA:369,574
DA:371,574
DA:372,574
DA:373,574
DA:380,735
DA:383,1470
DA:388,1115
DA:391,1115
DA:392,735
DA:393,1115
DA:534,380
DA:709,194
DA:711,194
DA:724,194
DA:725,194
DA:726,194
DA:746,574
DA:748,574
DA:749,574
DA:751,574
DA:886,1580
DA:887,1580
DA:896,14711
DA:897,14711
DA:906,1039
DA:907,1039
DA:916,14711
DA:917,14711
DA:967,790
DA:968,790
DA:1005,2223430
DA:1006,2223430
DA:1011,1082
DA:1012,1082
DA:1103,380
DA:1104,380
DA:1160,2341203
DA:1163,2341203
DA:1497,790
DA:1500,790
DA:1501,790
DA:1502,790
DA:1503,790
DA:1702,194
DA:1705,194
DA:1706,194
DA:1707,194
DA:1712,194
DA:1715,194
DA:1716,194
DA:1717,194
DA:1719,194
DA:1720,194
DA:1721,194
DA:1927,541
DA:1929,541
DA:1930,0
DA:1932,541
DA:1933,541
DA:1938,194
DA:1940,194
DA:1941,0
DA:1943,194
DA:1947,1276
DA:1952,1276
DA:1954,1276
DA:1955,1276
LF:83
LH:81
end_of_record
TN:
SF:/usr/include/c++/14/bits/vector.tcc
FNL:0,957,1052
FNA:0,790,_ZNSt6vectorIcSaIcEE15_M_range_insertIPcEEvN9__gnu_cxx17__normal_iteratorIS3_S1_EET_S7_St20forward_iterator_tag
FNF:1
FNH:1
DA:957,790
DA:961,790
DA:963,790
DA:964,790
DA:965,790
DA:967,249
DA:968,249
DA:969,249
DA:972,0
DA:975,0
DA:976,0
DA:978,0
DA:980,0
DA:984,249
DA:987,249
DA:989,249
DA:990,249
DA:992,249
DA:995,249
DA:996,249
DA:998,249
DA:1006,541
DA:1007,541
DA:1008,541
DA:1009,0
DA:1012,541
DA:1018,541
DA:1019,541
DA:1024,541
DA:1025,541
DA:1027,541
DA:1029,541
DA:1032,541
DA:1033,541
DA:1035,0
DA:1038,0
DA:1039,0
DA:1040,0
DA:1043,541
DA:1045,541
DA:1046,541
DA:1047,541
DA:1048,541
DA:1049,541
DA:1052,790
LF:45
LH:35
end_of_record
TN:
SF:/usr/include/c++/14/ext/string_conversions.h
FNL:0,56,96
FNA:0,23180,_ZN9__gnu_cxx6__stoaIlicJiEEET0_PFT_PKT1_PPS3_DpT2_EPKcS5_PmS9_
FNL:1,65,65
FNA:1,23180,_ZZN9__gnu_cxx6__stoaIlicJiEEET0_PFT_PKT1_PPS3_DpT2_EPKcS5_PmS9_EN11_Save_errnoC2Ev
FNL:2,66,66
FNA:2,23180,_ZZN9__gnu_cxx6__stoaIlicJiEEET0_PFT_PKT1_PPS3_DpT2_EPKcS5_PmS9_EN11_Save_errnoD2Ev
FNL:3,75,79
FNA:3,14720,_ZZN9__gnu_cxx6__stoaIlicJiEEET0_PFT_PKT1_PPS3_DpT2_EPKcS5_PmS9_EN10_Range_chk6_S_chkElSt17integral_constantIbLb1EE
FNF:4
FNH:4
DA:56,23180
DA:65,23180
DA:66,23180
DA:68,23180
DA:75,14720
DA:78,14720
DA:82,23180
DA:84,23180
DA:85,4538
DA:86,37284
DA:87,18642
DA:88,6207
DA:90,12435
DA:92,12435
DA:93,0
DA:95,12435
DA:96,23180
LF:17
LH:16
end_of_record
TN:
SF:/usr/include/c++/14/new
FNL:0,179,180
FNA:0,4074,_ZnwmPv
FNL:1,185,185
FNA:1,0,_ZdlPvS_
FNF:2
FNH:1
DA:179,4074
DA:180,4074
DA:185,0
LF:3
LH:2
end_of_record
TN:
SF:/usr/include/x86_64-linux-gnu/c++/14/bits/c++config.h
FNF:0
FNH:0
DA:550,62259
LF:1
LH:1
end_of_record
